[13:16:33] [main/WARN]: Ambiguity between arguments [teleport, destination] and [teleport, targets] with inputs: [Player, 0123, @e, dd12be42-52a9-4a91-a8a1-11c01849e498]
[13:16:33] [main/WARN]: Ambiguity between arguments [teleport, location] and [teleport, destination] with inputs: [0.1 -0.5 .9, 0 0 0]
[13:16:33] [main/WARN]: Ambiguity between arguments [teleport, location] and [teleport, targets] with inputs: [0.1 -0.5 .9, 0 0 0]
[13:16:33] [main/WARN]: Ambiguity between arguments [teleport, targets] and [teleport, destination] with inputs: [Player, 0123, dd12be42-52a9-4a91-a8a1-11c01849e498]
[13:16:33] [main/WARN]: Ambiguity between arguments [teleport, targets, location] and [teleport, targets, destination] with inputs: [0.1 -0.5 .9, 0 0 0]
[13:16:33] [main/INFO]: Loaded 0 recipes
[13:16:33] [main/INFO]: Loaded 0 advancements
[13:16:33] [Server thread/INFO]: Starting minecraft server version 1.13.2
[13:16:33] [Server thread/INFO]: Loading properties
[13:16:33] [Server thread/INFO]: Default game type: SURVIVAL
[13:16:33] [Server thread/INFO]: Generating keypair
[13:16:33] [Server thread/INFO]: Starting Minecraft server on *:25565
[13:16:33] [Server thread/INFO]: Using epoll channel type
[13:16:34] [Server thread/WARN]: **** SERVER IS RUNNING IN OFFLINE/INSECURE MODE!
[13:16:34] [Server thread/WARN]: The server will make no attempt to authenticate usernames. Beware.
[13:16:34] [Server thread/WARN]: While this makes the game possible to play without internet access, it also opens up the ability for hackers to connect with any username they choose.
[13:16:34] [Server thread/WARN]: To change this, set "online-mode" to "true" in the server.properties file.
[13:16:34] [Server thread/INFO]: Preparing level "world"
[13:16:34] [Server thread/INFO]: Reloading ResourceManager: Default
[13:16:39] [Server thread/INFO]: Loaded 524 recipes
[13:16:44] [Server thread/INFO]: Loaded 571 advancements
[13:16:45] [Server thread/INFO]: Preparing start region for dimension minecraft:overworld
[13:16:45] [Server thread/INFO]: Preparing spawn area: 4%
[13:16:46] [Server thread/INFO]: Preparing spawn area: 8%
[13:16:46] [Server thread/INFO]: Preparing spawn area: 12%
[13:16:46] [Server thread/INFO]: Preparing spawn area: 16%
[13:16:46] [Server thread/INFO]: Preparing spawn area: 20%
[13:16:46] [Server thread/INFO]: Preparing spawn area: 24%
[13:16:46] [Server thread/INFO]: Preparing spawn area: 28%
[13:16:47] [Server thread/INFO]: Preparing spawn area: 32%
[13:16:48] [Server thread/INFO]: Preparing spawn area: 36%
[13:16:48] [Server thread/INFO]: Preparing spawn area: 40%
[13:16:48] [Server thread/INFO]: Preparing spawn area: 44%
[13:16:48] [Server thread/INFO]: Preparing spawn area: 48%
[13:16:48] [Server thread/INFO]: Preparing spawn area: 52%
[13:16:48] [Server thread/INFO]: Preparing spawn area: 56%
[13:16:48] [Server thread/INFO]: Preparing spawn area: 60%
[13:16:49] [Server thread/INFO]: Preparing spawn area: 64%
[13:16:49] [Server thread/INFO]: Preparing spawn area: 68%
[13:16:49] [Server thread/INFO]: Preparing spawn area: 72%
[13:16:49] [Server thread/INFO]: Preparing spawn area: 76%
[13:16:49] [Server thread/INFO]: Preparing spawn area: 80%
[13:16:49] [Server thread/INFO]: Preparing spawn area: 84%
[13:16:49] [Server thread/INFO]: Preparing spawn area: 88%
[13:16:49] [Server thread/INFO]: Preparing spawn area: 92%
[13:16:50] [Server thread/INFO]: Preparing spawn area: 96%
[13:16:50] [Server thread/INFO]: Preparing spawn area: 100%
[13:16:50] [Server thread/INFO]: Time elapsed: 4933 ms
[13:16:50] [Server thread/INFO]: Done (15.620s)! For help, type "help"
[13:17:03] [Server thread/INFO]: KIRKA50[/172.17.0.1:54622] logged in with entity id 409 at (14.561124583824123, 69.0, 67.51075069623533)
[13:17:03] [Server thread/INFO]: KIRKA50 joined the game
[13:17:04] [Server thread/WARN]: Can't keep up! Is the server overloaded? Running 2001ms or 40 ticks behind
[13:17:27] [Server thread/WARN]: KIRKA50 moved too quickly! 9.22216090632983,-1.1661092609382138,-3.962076739082079
[13:17:37] [Server thread/INFO]: KIRKA50 was shot by Skeleton
[13:17:41] [Server thread/INFO]: KIRKA50 lost connection: Disconnected
[13:17:41] [Server thread/INFO]: KIRKA50 left the game
[13:17:46] [Server thread/WARN]: Can't keep up! Is the server overloaded? Running 26308ms or 526 ticks behind
